<?xml version="1.0" encoding="UTF-8"?>
<!-- Generated by org.testng.reporters.JUnitReportReporter -->
<testsuite skipped="0" hostname="manjula-VAIO" name="com.qa.utils.HomePage" tests="1" failures="0" timestamp="20 Feb 2019 03:44:53 GMT" time="0.022" errors="0">
  <testcase name="home" time="0.022" classname="com.qa.utils.HomePage"/>
</testsuite> <!-- com.qa.utils.HomePage -->
