<?xml version="1.0" encoding="UTF-8"?>
<!-- Generated by org.testng.reporters.JUnitReportReporter -->
<testsuite skipped="0" hostname="manjula-VAIO" name="com.testpackage.InvocationCount" tests="10" failures="0" timestamp="14 Feb 2019 22:52:56 GMT" time="0.054" errors="0">
  <testcase name="sum" time="0.003" classname="com.testpackage.InvocationCount"/>
  <testcase name="sum" time="0.024" classname="com.testpackage.InvocationCount"/>
  <testcase name="sum" time="0.003" classname="com.testpackage.InvocationCount"/>
  <testcase name="sum" time="0.003" classname="com.testpackage.InvocationCount"/>
  <testcase name="sum" time="0.003" classname="com.testpackage.InvocationCount"/>
  <testcase name="sum" time="0.003" classname="com.testpackage.InvocationCount"/>
  <testcase name="sum" time="0.003" classname="com.testpackage.InvocationCount"/>
  <testcase name="sum" time="0.003" classname="com.testpackage.InvocationCount"/>
  <testcase name="sum" time="0.006" classname="com.testpackage.InvocationCount"/>
  <testcase name="sum" time="0.003" classname="com.testpackage.InvocationCount"/>
</testsuite> <!-- com.testpackage.InvocationCount -->
