<?xml version="1.0" encoding="UTF-8"?>
<!-- Generated by org.testng.reporters.JUnitReportReporter -->
<testsuite skipped="0" hostname="manjula-VAIO" name="com.testpackage.TestNGDependsOnMethodsExample" tests="4" failures="0" timestamp="14 Feb 2019 22:34:47 GMT" time="0.054" errors="0">
  <testcase name="testDivide" time="0.005" classname="com.testpackage.TestNGDependsOnMethodsExample"/>
  <testcase name="testProcessEvenNumbers" time="0.006" classname="com.testpackage.TestNGDependsOnMethodsExample"/>
  <testcase name="testProcessRealNumbers" time="0.006" classname="com.testpackage.TestNGDependsOnMethodsExample"/>
  <testcase name="testAdd" time="0.037" classname="com.testpackage.TestNGDependsOnMethodsExample"/>
</testsuite> <!-- com.testpackage.TestNGDependsOnMethodsExample -->
