<?xml version="1.0" encoding="UTF-8"?>
<!-- Generated by org.testng.reporters.JUnitReportReporter -->
<testsuite skipped="0" hostname="manjula-VAIO" name="groups.testng.edu.TestbelongsToSingleGroup" tests="3" failures="0" timestamp="16 Feb 2019 19:11:07 GMT" time="0.048" errors="0">
  <testcase name="Test3" time="0.005" classname="groups.testng.edu.TestbelongsToSingleGroup"/>
  <testcase name="Test1" time="0.037" classname="groups.testng.edu.TestbelongsToSingleGroup"/>
  <testcase name="Test2" time="0.006" classname="groups.testng.edu.TestbelongsToSingleGroup"/>
</testsuite> <!-- groups.testng.edu.TestbelongsToSingleGroup -->
