<?xml version="1.0" encoding="UTF-8"?>
<!-- Generated by org.testng.reporters.JUnitReportReporter -->
<testsuite skipped="0" hostname="manjula-VAIO" name="com.testpackage.ExpectedExceptions" tests="1" failures="0" timestamp="15 Feb 2019 03:12:36 GMT" time="0.034" errors="0">
  <testcase name="test" time="0.034" classname="com.testpackage.ExpectedExceptions"/>
</testsuite> <!-- com.testpackage.ExpectedExceptions -->
