<?xml version="1.0" encoding="UTF-8"?>
<!-- Generated by org.testng.reporters.JUnitReportReporter -->
<testsuite skipped="0" hostname="manjula-VAIO" name="com.testpackage.TestNgBasics" tests="3" failures="0" timestamp="08 Feb 2019 00:29:53 GMT" time="0.052" errors="0">
  <testcase name="GoogleLogptest" time="0.023" classname="com.testpackage.TestNgBasics"/>
  <testcase name="SearchTest" time="0.023" classname="com.testpackage.TestNgBasics"/>
  <testcase name="googleTitleTest" time="0.006" classname="com.testpackage.TestNgBasics"/>
</testsuite> <!-- com.testpackage.TestNgBasics -->
