<?xml version="1.0" encoding="UTF-8"?>
<!-- Generated by org.testng.reporters.JUnitReportReporter -->
<testsuite skipped="0" hostname="manjula-VAIO" name="groups.testng.edu.TestBelongsToMultipleGroups" tests="4" failures="0" timestamp="16 Feb 2019 19:24:17 GMT" time="0.029" errors="0">
  <testcase name="Test2" time="0.005" classname="groups.testng.edu.TestBelongsToMultipleGroups"/>
  <testcase name="Test3" time="0.003" classname="groups.testng.edu.TestBelongsToMultipleGroups"/>
  <testcase name="Test1" time="0.018" classname="groups.testng.edu.TestBelongsToMultipleGroups"/>
  <testcase name="Test2" time="0.003" classname="groups.testng.edu.TestBelongsToMultipleGroups"/>
</testsuite> <!-- groups.testng.edu.TestBelongsToMultipleGroups -->
