<?xml version="1.0" encoding="UTF-8"?>
<!-- Generated by org.testng.reporters.JUnitReportReporter -->
<testsuite skipped="0" hostname="manjula-VAIO" name="com.testpackage.TestNGDependsOnMethodsExample" tests="4" failures="0" timestamp="24 Feb 2019 02:50:02 GMT" time="0.051" errors="0">
  <testcase name="testAdd" time="0.014" classname="com.testpackage.TestNGDependsOnMethodsExample"/>
  <testcase name="testProcessEvenNumbers" time="0.022" classname="com.testpackage.TestNGDependsOnMethodsExample"/>
  <testcase name="testProcessRealNumbers" time="0.010" classname="com.testpackage.TestNGDependsOnMethodsExample"/>
  <testcase name="testDivide" time="0.005" classname="com.testpackage.TestNGDependsOnMethodsExample"/>
</testsuite> <!-- com.testpackage.TestNGDependsOnMethodsExample -->
